User Active with Id: 17
14-08-2023
11:43
Message: Value cannot be null.
Parameter name: String
Stacktrace:System.ArgumentNullException: Value cannot be null.
Parameter name: String
   at System.Number.StringToNumber(String str, NumberStyles options, NumberBuffer& number, NumberFormatInfo info, Boolean parseDecimal)
   at System.Number.ParseInt32(String s, NumberStyles style, NumberFormatInfo info)
   at EmployeeManagement.Web.Dashboard.Page_Load(Object sender, EventArgs e) in D:\Mindfire-training\Csharp\WebApplication1\EmployeeManagement.Web\Dashboard.aspx.cs:line 59

User Active with Id: 17
14-08-2023
11:46
Message: Value cannot be null.
Parameter name: String
Stacktrace:System.ArgumentNullException: Value cannot be null.
Parameter name: String
   at System.Number.StringToNumber(String str, NumberStyles options, NumberBuffer& number, NumberFormatInfo info, Boolean parseDecimal)
   at System.Number.ParseInt32(String s, NumberStyles style, NumberFormatInfo info)
   at EmployeeManagement.Web.Dashboard.Page_Load(Object sender, EventArgs e) in D:\Mindfire-training\Csharp\WebApplication1\EmployeeManagement.Web\Dashboard.aspx.cs:line 59

User Active with Id: 17
14-08-2023
11:50
Message: Value cannot be null.
Parameter name: String
Stacktrace:System.ArgumentNullException: Value cannot be null.
Parameter name: String
   at System.Number.StringToNumber(String str, NumberStyles options, NumberBuffer& number, NumberFormatInfo info, Boolean parseDecimal)
   at System.Number.ParseInt32(String s, NumberStyles style, NumberFormatInfo info)
   at EmployeeManagement.Web.Dashboard.Page_Load(Object sender, EventArgs e) in D:\Mindfire-training\Csharp\WebApplication1\EmployeeManagement.Web\Dashboard.aspx.cs:line 59

User Active with Id: 17
14-08-2023
12:40
Message: Value cannot be null.
Parameter name: String
Stacktrace:System.ArgumentNullException: Value cannot be null.
Parameter name: String
   at System.Number.StringToNumber(String str, NumberStyles options, NumberBuffer& number, NumberFormatInfo info, Boolean parseDecimal)
   at System.Number.ParseInt32(String s, NumberStyles style, NumberFormatInfo info)
   at EmployeeManagement.Web.Dashboard.Page_Load(Object sender, EventArgs e) in D:\Mindfire-training\Csharp\WebApplication1\EmployeeManagement.Web\Dashboard.aspx.cs:line 59

