20-08-2023
12:52
Message: Sequence contains no elements
Stacktrace:System.InvalidOperationException: Sequence contains no elements
   at System.Linq.Enumerable.Single[TSource](IEnumerable`1 source)
   at TentHouseRentals.DALDB.UserDAL.IsUser(String email, String password) in D:\Mindfire-training\Csharp\TentHouseRentals.Website\TentHouseRentals.DALDB\UserDAL.cs:line 40

20-08-2023
12:55
Message: Sequence contains no elements
Stacktrace:System.InvalidOperationException: Sequence contains no elements
   at System.Linq.Enumerable.Single[TSource](IEnumerable`1 source)
   at TentHouseRentals.DALDB.UserDAL.IsUser(String email, String password) in D:\Mindfire-training\Csharp\TentHouseRentals.Website\TentHouseRentals.DALDB\UserDAL.cs:line 40

20-08-2023
12:55
Message: Sequence contains no elements
Stacktrace:System.InvalidOperationException: Sequence contains no elements
   at System.Linq.Enumerable.Single[TSource](IEnumerable`1 source)
   at TentHouseRentals.DALDB.UserDAL.IsUser(String email, String password) in D:\Mindfire-training\Csharp\TentHouseRentals.Website\TentHouseRentals.DALDB\UserDAL.cs:line 40

20-08-2023
12:55
Message: Sequence contains no elements
Stacktrace:System.InvalidOperationException: Sequence contains no elements
   at System.Linq.Enumerable.Single[TSource](IEnumerable`1 source)
   at TentHouseRentals.DALDB.UserDAL.IsUser(String email, String password) in D:\Mindfire-training\Csharp\TentHouseRentals.Website\TentHouseRentals.DALDB\UserDAL.cs:line 40

20-08-2023
12:58
Message: Sequence contains no elements
Stacktrace:System.InvalidOperationException: Sequence contains no elements
   at System.Linq.Enumerable.Single[TSource](IEnumerable`1 source)
   at TentHouseRentals.DALDB.UserDAL.IsUser(String email, String password) in D:\Mindfire-training\Csharp\TentHouseRentals.Website\TentHouseRentals.DALDB\UserDAL.cs:line 40

20-08-2023
12:58
Message: Sequence contains no elements
Stacktrace:System.InvalidOperationException: Sequence contains no elements
   at System.Linq.Enumerable.Single[TSource](IEnumerable`1 source)
   at TentHouseRentals.DALDB.UserDAL.IsUser(String email, String password) in D:\Mindfire-training\Csharp\TentHouseRentals.Website\TentHouseRentals.DALDB\UserDAL.cs:line 40

20-08-2023
15:55
Message: Object reference not set to an instance of an object.
Stacktrace:System.NullReferenceException: Object reference not set to an instance of an object.
   at TentHouseRentals.DALDB.UserDAL.FindCustomerID(String customerName) in D:\Mindfire-training\Csharp\TentHouseRentals.Website\TentHouseRentals.DALDB\UserDAL.cs:line 71

20-08-2023
17:55
Message: Thread was being aborted.
Stacktrace:System.Threading.ThreadAbortException: Thread was being aborted.
   at System.Threading.Thread.AbortInternal()
   at System.Threading.Thread.Abort(Object stateInfo)
   at System.Web.HttpResponse.AbortCurrentThread()
   at TentHouseRentals.Web.Reports.btnClickDownloadReportProducts_Click(Object sender, EventArgs e) in D:\Mindfire-training\Csharp\TentHouseRentals.Website\TentHouseRentals.Web\Reports.aspx.cs:line 131

20-08-2023
18:53
Message: Thread was being aborted.
Stacktrace:System.Threading.ThreadAbortException: Thread was being aborted.
   at System.Threading.Thread.AbortInternal()
   at System.Threading.Thread.Abort(Object stateInfo)
   at System.Web.HttpResponse.AbortCurrentThread()
   at TentHouseRentals.Web.Reports.btnClickDownloadReportProducts_Click(Object sender, EventArgs e) in D:\Mindfire-training\Csharp\TentHouseRentals.Website\TentHouseRentals.Web\Reports.aspx.cs:line 101

20-08-2023
20:32
Message: Thread was being aborted.
Stacktrace:System.Threading.ThreadAbortException: Thread was being aborted.
   at System.Threading.Thread.AbortInternal()
   at System.Threading.Thread.Abort(Object stateInfo)
   at System.Web.HttpResponse.AbortCurrentThread()
   at TentHouseRentals.Web.Reports.btnClickDownloadReportProducts_Click(Object sender, EventArgs e) in D:\Mindfire-training\Csharp\TentHouseRentals.Website\TentHouseRentals.Web\Reports.aspx.cs:line 103

20-08-2023
20:44
Message: Thread was being aborted.
Stacktrace:System.Threading.ThreadAbortException: Thread was being aborted.
   at System.Threading.Thread.AbortInternal()
   at System.Threading.Thread.Abort(Object stateInfo)
   at System.Web.HttpResponse.AbortCurrentThread()
   at TentHouseRentals.Web.Reports.btnClickDownloadReportProducts_Click(Object sender, EventArgs e) in D:\Mindfire-training\Csharp\TentHouseRentals.Website\TentHouseRentals.Web\Reports.aspx.cs:line 103

20-08-2023
22:31
Message: Thread was being aborted.
Stacktrace:System.Threading.ThreadAbortException: Thread was being aborted.
   at System.Threading.Thread.AbortInternal()
   at System.Threading.Thread.Abort(Object stateInfo)
   at System.Web.HttpResponse.AbortCurrentThread()
   at TentHouseRentals.Web.Reports.btnClickDownloadReportProducts_Click(Object sender, EventArgs e) in D:\Mindfire-training\Csharp\TentHouseRentals.Website\TentHouseRentals.Web\Reports.aspx.cs:line 103

20-08-2023
23:44
Message: Thread was being aborted.
Stacktrace:System.Threading.ThreadAbortException: Thread was being aborted.
   at System.Threading.Thread.AbortInternal()
   at System.Threading.Thread.Abort(Object stateInfo)
   at System.Web.HttpResponse.AbortCurrentThread()
   at TentHouseRentals.Web.Reports.btnClickDownloadReportProducts_Click(Object sender, EventArgs e) in D:\Mindfire-training\Csharp\TentHouseRentals.Website\TentHouseRentals.Web\Reports.aspx.cs:line 105

