21-08-2023
09:55
Message: Thread was being aborted.
Stacktrace:System.Threading.ThreadAbortException: Thread was being aborted.
   at System.Threading.Thread.AbortInternal()
   at System.Threading.Thread.Abort(Object stateInfo)
   at System.Web.HttpResponse.AbortCurrentThread()
   at TentHouseRentals.Web.Reports.btnClickDownloadReportProducts_Click(Object sender, EventArgs e) in D:\Mindfire-training\Csharp\TentHouseRentals.Website\TentHouseRentals.Web\Reports.aspx.cs:line 105

21-08-2023
09:59
Message: Object reference not set to an instance of an object.
Stacktrace:System.NullReferenceException: Object reference not set to an instance of an object.
   at TentHouseRentals.DALDB.UserDAL.FindCustomerID(String customerName) in D:\Mindfire-training\Csharp\TentHouseRentals.Website\TentHouseRentals.DALDB\UserDAL.cs:line 71

21-08-2023
10:01
Message: Thread was being aborted.
Stacktrace:System.Threading.ThreadAbortException: Thread was being aborted.
   at System.Threading.Thread.AbortInternal()
   at System.Threading.Thread.Abort(Object stateInfo)
   at System.Web.HttpResponse.AbortCurrentThread()
   at TentHouseRentals.Web.Reports.btnClickDownloadReportProducts_Click(Object sender, EventArgs e) in D:\Mindfire-training\Csharp\TentHouseRentals.Website\TentHouseRentals.Web\Reports.aspx.cs:line 105

21-08-2023
10:17
Message: Object reference not set to an instance of an object.
Stacktrace:System.NullReferenceException: Object reference not set to an instance of an object.
   at TentHouseRentals.DALDB.UserDAL.FindCustomerID(String customerName) in D:\Mindfire-training\Csharp\TentHouseRentals.Website\TentHouseRentals.DALDB\UserDAL.cs:line 71

21-08-2023
13:32
Message: Thread was being aborted.
Stacktrace:System.Threading.ThreadAbortException: Thread was being aborted.
   at System.Threading.Thread.AbortInternal()
   at System.Threading.Thread.Abort(Object stateInfo)
   at System.Web.HttpResponse.AbortCurrentThread()
   at TentHouseRentals.Web.Reports.btnClickDownloadReportProducts_Click(Object sender, EventArgs e) in D:\Mindfire-training\Csharp\TentHouseRentals.Website\TentHouseRentals.Web\Reports.aspx.cs:line 105

21-08-2023
14:48
Message: String was not recognized as a valid DateTime.
Stacktrace:System.FormatException: String was not recognized as a valid DateTime.
   at System.DateTimeParse.Parse(String s, DateTimeFormatInfo dtfi, DateTimeStyles styles)
   at System.Convert.ToDateTime(String value)
   at TentHouseRentals.DALDB.UserDAL.<>c.<SubmitTransactions>b__14_0(TransactionsModel2 x) in D:\Mindfire-training\Csharp\TentHouseRentals.Website\TentHouseRentals.DALDB\UserDAL.cs:line 318
   at System.Linq.Enumerable.WhereSelectListIterator`2.MoveNext()
   at System.Collections.Generic.List`1..ctor(IEnumerable`1 collection)
   at System.Linq.Enumerable.ToList[TSource](IEnumerable`1 source)
   at TentHouseRentals.DALDB.UserDAL.SubmitTransactions(List`1 transactions) in D:\Mindfire-training\Csharp\TentHouseRentals.Website\TentHouseRentals.DALDB\UserDAL.cs:line 318

21-08-2023
16:59
Message: String was not recognized as a valid DateTime.
Stacktrace:System.FormatException: String was not recognized as a valid DateTime.
   at System.DateTimeParse.Parse(String s, DateTimeFormatInfo dtfi, DateTimeStyles styles)
   at System.Convert.ToDateTime(String value)
   at TentHouseRentals.DALDB.UserDAL.<>c.<SubmitTransactions>b__15_0(TransactionsModel2 x) in D:\Mindfire-training\Csharp\TentHouseRentals.Website\TentHouseRentals.DALDB\UserDAL.cs:line 337
   at System.Linq.Enumerable.WhereSelectListIterator`2.MoveNext()
   at System.Collections.Generic.List`1..ctor(IEnumerable`1 collection)
   at System.Linq.Enumerable.ToList[TSource](IEnumerable`1 source)
   at TentHouseRentals.DALDB.UserDAL.SubmitTransactions(List`1 transactions) in D:\Mindfire-training\Csharp\TentHouseRentals.Website\TentHouseRentals.DALDB\UserDAL.cs:line 337

21-08-2023
21:38
Message: Thread was being aborted.
Stacktrace:System.Threading.ThreadAbortException: Thread was being aborted.
   at System.Threading.Thread.AbortInternal()
   at System.Threading.Thread.Abort(Object stateInfo)
   at System.Web.HttpResponse.AbortCurrentThread()
   at TentHouseRentals.Web.Reports.btnClickDownloadReportProducts_Click(Object sender, EventArgs e) in D:\Mindfire-training\Csharp\TentHouseRentals.Website\TentHouseRentals.Web\Reports.aspx.cs:line 108

21-08-2023
23:13
Message: Thread was being aborted.
Stacktrace:System.Threading.ThreadAbortException: Thread was being aborted.
   at System.Threading.Thread.AbortInternal()
   at System.Threading.Thread.Abort(Object stateInfo)
   at System.Web.HttpResponse.AbortCurrentThread()
   at TentHouseRentals.Web.Reports.btnClickDownloadReportProducts_Click(Object sender, EventArgs e) in D:\Mindfire-training\Csharp\TentHouseRentals.Website\TentHouseRentals.Web\Reports.aspx.cs:line 108

21-08-2023
23:22
Message: Thread was being aborted.
Stacktrace:System.Threading.ThreadAbortException: Thread was being aborted.
   at System.Threading.Thread.AbortInternal()
   at System.Threading.Thread.Abort(Object stateInfo)
   at System.Web.HttpResponse.AbortCurrentThread()
   at TentHouseRentals.Web.Reports.btnClickDownloadReportProducts_Click(Object sender, EventArgs e) in D:\Mindfire-training\Csharp\TentHouseRentals.Website\TentHouseRentals.Web\Reports.aspx.cs:line 108

