24-08-2023
16:36
Message: Thread was being aborted.
Stacktrace:System.Threading.ThreadAbortException: Thread was being aborted.
   at System.Threading.Thread.AbortInternal()
   at System.Threading.Thread.Abort(Object stateInfo)
   at System.Web.HttpResponse.AbortCurrentThread()
   at TentHouseRentals.Web.ProductSubmitHandler.ProcessRequest(HttpContext context) in D:\Mindfire-training\Csharp\TentHouseRentals.Website\TentHouseRentals.Web\ProductSubmitHandler.ashx.cs:line 44

24-08-2023
16:38
Message: Thread was being aborted.
Stacktrace:System.Threading.ThreadAbortException: Thread was being aborted.
   at System.Threading.Thread.AbortInternal()
   at System.Threading.Thread.Abort(Object stateInfo)
   at System.Web.HttpResponse.AbortCurrentThread()
   at TentHouseRentals.Web.ProductSubmitHandler.ProcessRequest(HttpContext context) in D:\Mindfire-training\Csharp\TentHouseRentals.Website\TentHouseRentals.Web\ProductSubmitHandler.ashx.cs:line 44

24-08-2023
16:42
Message: Thread was being aborted.
Stacktrace:System.Threading.ThreadAbortException: Thread was being aborted.
   at System.Threading.Thread.AbortInternal()
   at System.Threading.Thread.Abort(Object stateInfo)
   at System.Web.HttpResponse.AbortCurrentThread()
   at TentHouseRentals.Web.ProductSubmitHandler.ProcessRequest(HttpContext context) in D:\Mindfire-training\Csharp\TentHouseRentals.Website\TentHouseRentals.Web\ProductSubmitHandler.ashx.cs:line 44

24-08-2023
16:49
Message: Sequence contains more than one element
Stacktrace:System.InvalidOperationException: Sequence contains more than one element
   at System.Linq.Enumerable.SingleOrDefault[TSource](IEnumerable`1 source)
   at TentHouseRentals.DALDB.UserDAL.SubmitProduct(Products product) in D:\Mindfire-training\Csharp\TentHouseRentals.Website\TentHouseRentals.DALDB\UserDAL.cs:line 201

24-08-2023
16:51
Message: Sequence contains more than one element
Stacktrace:System.InvalidOperationException: Sequence contains more than one element
   at System.Linq.Enumerable.SingleOrDefault[TSource](IEnumerable`1 source)
   at TentHouseRentals.DALDB.UserDAL.SubmitProduct(Products product) in D:\Mindfire-training\Csharp\TentHouseRentals.Website\TentHouseRentals.DALDB\UserDAL.cs:line 201

24-08-2023
16:52
Message: Sequence contains more than one element
Stacktrace:System.InvalidOperationException: Sequence contains more than one element
   at System.Linq.Enumerable.SingleOrDefault[TSource](IEnumerable`1 source)
   at TentHouseRentals.DALDB.UserDAL.SubmitProduct(Products product) in D:\Mindfire-training\Csharp\TentHouseRentals.Website\TentHouseRentals.DALDB\UserDAL.cs:line 201

